=== Erreur du scénario simulation_simple ===
Code de sortie: 1

=== STDOUT ===

=== STDERR ===
Traceback (most recent call last):
  File "C:\Users\marwa\OneDrive\Desktop\CascadeProjects\barge_simulation\src\main.py", line 117, in main
    simulator = BargeSimulator(network, routing_manager)
                ^^^^^^^^^^^^^^^^^^^^^^^^^^^^^^^^^^^^^^^^
TypeError: BargeSimulator.__init__() takes 1 positional argument but 3 were given

During handling of the above exception, another exception occurred:

Traceback (most recent call last):
  File "C:\Users\marwa\OneDrive\Desktop\CascadeProjects\barge_simulation\src\main.py", line 188, in <module>
    main()
  File "C:\Users\marwa\OneDrive\Desktop\CascadeProjects\barge_simulation\src\main.py", line 119, in main
    simulator = BargeSimulator(network)  # Essai avec moins de paramètres
                ^^^^^^^^^^^^^^^^^^^^^^^
TypeError: BargeSimulator.__init__() takes 1 positional argument but 2 were given
